<?xml version="1.0" encoding="UTF-8"?>
<!-- Generated by org.testng.reporters.JUnitXMLReporter -->
<testsuite hostname="4077_Muthulakshmi" name="Test" tests="3" failures="3" timestamp="5 Jun 2022 18:05:23 GMT" time="0.354" errors="0">
  <testcase name="Test2" time="0.0" classname="org.gropingss.sample1AdactinMainpage">
    <failure type="org.testng.TestNGException" message="
Method private void org.gropingss.sample1AdactinMainpage.Test2(java.lang.String,java.lang.String) throws java.lang.InterruptedException requires a @DataProvider named : login">
      <![CDATA[org.testng.TestNGException: 
Method private void org.gropingss.sample1AdactinMainpage.Test2(java.lang.String,java.lang.String) throws java.lang.InterruptedException requires a @DataProvider named : login
... Removed 22 stack frames]]>
    </failure>
  </testcase> <!-- Test2 -->
  <testcase name="Test1" time="0.163" classname="org.gropingss.sample1AdactinMainpage">
    <failure type="java.lang.NullPointerException">
      <![CDATA[java.lang.NullPointerException
	at org.openqa.selenium.support.pagefactory.DefaultElementLocator.findElement(DefaultElementLocator.java:69)
	at org.openqa.selenium.support.pagefactory.internal.LocatingElementHandler.invoke(LocatingElementHandler.java:38)
	at com.sun.proxy.$Proxy9.getTagName(Unknown Source)
	at org.openqa.selenium.support.ui.Select.<init>(Select.java:45)
	at org.base.BaseClassAdactin.selectByIndex(BaseClassAdactin.java:88)
	at org.gropingss.sample1AdactinMainpage.Test1(sample1AdactinMainpage.java:32)
... Removed 25 stack frames]]>
    </failure>
  </testcase> <!-- Test1 -->
  <testcase name="Test3" time="0.03" classname="org.gropingss.sample1AdactinMainpage">
    <failure type="java.lang.NullPointerException">
      <![CDATA[java.lang.NullPointerException
	at org.openqa.selenium.support.pagefactory.DefaultElementLocator.findElement(DefaultElementLocator.java:69)
	at org.openqa.selenium.support.pagefactory.internal.LocatingElementHandler.invoke(LocatingElementHandler.java:38)
	at com.sun.proxy.$Proxy9.sendKeys(Unknown Source)
	at org.base.BaseClassAdactin.SendKeys(BaseClassAdactin.java:44)
	at org.gropingss.sample1AdactinMainpage.Test3(sample1AdactinMainpage.java:69)
... Removed 25 stack frames]]>
    </failure>
  </testcase> <!-- Test3 -->
</testsuite> <!-- Test -->
